<?xml version="1.0" encoding="UTF-8"?>
<coverage generated="1684231932618" clover="3.2.0">
  <project timestamp="1684231932618" name="All files">
    <metrics statements="23" coveredstatements="22" conditionals="26" coveredconditionals="20" methods="4" coveredmethods="4" elements="53" coveredelements="46" complexity="0" loc="23" ncloc="23" packages="2" files="3" classes="3"/>
    <package name="Interview-Kit">
      <metrics statements="5" coveredstatements="4" conditionals="2" coveredconditionals="1" methods="1" coveredmethods="1"/>
      <file name="App.tsx" path="/Users/witold/Projects/Interview-Kit/App.tsx">
        <metrics statements="5" coveredstatements="4" conditionals="2" coveredconditionals="1" methods="1" coveredmethods="1"/>
        <line num="5" count="2" type="stmt"/>
        <line num="12" count="1" type="stmt"/>
        <line num="14" count="1" type="cond" truecount="1" falsecount="1"/>
        <line num="15" count="0" type="stmt"/>
        <line num="18" count="1" type="stmt"/>
      </file>
    </package>
    <package name="Interview-Kit.components.Button">
      <metrics statements="18" coveredstatements="18" conditionals="24" coveredconditionals="19" methods="3" coveredmethods="3"/>
      <file name="Button.tsx" path="/Users/witold/Projects/Interview-Kit/components/Button/Button.tsx">
        <metrics statements="5" coveredstatements="5" conditionals="7" coveredconditionals="6" methods="2" coveredmethods="2"/>
        <line num="24" count="1" type="stmt"/>
        <line num="33" count="6" type="stmt"/>
        <line num="35" count="6" type="stmt"/>
        <line num="37" count="6" type="stmt"/>
        <line num="62" count="1" type="stmt"/>
      </file>
      <file name="utils.ts" path="/Users/witold/Projects/Interview-Kit/components/Button/utils.ts">
        <metrics statements="13" coveredstatements="13" conditionals="17" coveredconditionals="13" methods="1" coveredmethods="1"/>
        <line num="3" count="2" type="stmt"/>
        <line num="9" count="10" type="cond" truecount="4" falsecount="0"/>
        <line num="11" count="1" type="cond" truecount="1" falsecount="1"/>
        <line num="14" count="1" type="cond" truecount="1" falsecount="1"/>
        <line num="17" count="1" type="stmt"/>
        <line num="19" count="1" type="cond" truecount="1" falsecount="1"/>
        <line num="22" count="1" type="cond" truecount="1" falsecount="1"/>
        <line num="25" count="1" type="stmt"/>
        <line num="28" count="8" type="cond" truecount="2" falsecount="0"/>
        <line num="29" count="8" type="cond" truecount="2" falsecount="0"/>
        <line num="32" count="8" type="stmt"/>
        <line num="35" count="10" type="stmt"/>
        <line num="41" count="2" type="stmt"/>
      </file>
    </package>
  </project>
</coverage>
