{"/Users/witold/Projects/Interview-Kit/App.tsx": {"path":"/Users/witold/Projects/Interview-Kit/App.tsx","statementMap":{"0":{"start":{"line":5,"column":2},"end":{"line":9,"column":4}},"1":{"start":{"line":12,"column":20},"end":{"line":12,"column":23}},"2":{"start":{"line":14,"column":0},"end":{"line":16,"column":1}},"3":{"start":{"line":15,"column":2},"end":{"line":15,"column":49}},"4":{"start":{"line":18,"column":15},"end":{"line":25,"column":2}}},"fnMap":{"0":{"name":"App","decl":{"start":{"line":4,"column":9},"end":{"line":4,"column":12}},"loc":{"start":{"line":4,"column":15},"end":{"line":10,"column":1}},"line":4}},"branchMap":{"0":{"loc":{"start":{"line":14,"column":0},"end":{"line":16,"column":1}},"type":"if","locations":[{"start":{"line":14,"column":0},"end":{"line":16,"column":1}},{"start":{},"end":{}}],"line":14}},"s":{"0":2,"1":1,"2":1,"3":0,"4":1},"f":{"0":2},"b":{"0":[0,1]},"_coverageSchema":"1a1c01bbd47fc00a2c39e90264f33305004495a9","hash":"ce33fd8ada2bb0066a8aa8c24821164f6acfce37"}
,"/Users/witold/Projects/Interview-Kit/components/Button/Button.tsx": {"path":"/Users/witold/Projects/Interview-Kit/components/Button/Button.tsx","statementMap":{"0":{"start":{"line":24,"column":22},"end":{"line":60,"column":1}},"1":{"start":{"line":33,"column":37},"end":{"line":33,"column":70}},"2":{"start":{"line":35,"column":2},"end":{"line":59,"column":4}},"3":{"start":{"line":37,"column":30},"end":{"line":42,"column":7}},"4":{"start":{"line":62,"column":15},"end":{"line":71,"column":2}}},"fnMap":{"0":{"name":"(anonymous_0)","decl":{"start":{"line":24,"column":22},"end":{"line":24,"column":23}},"loc":{"start":{"line":32,"column":19},"end":{"line":60,"column":1}},"line":32},"1":{"name":"(anonymous_1)","decl":{"start":{"line":37,"column":13},"end":{"line":37,"column":14}},"loc":{"start":{"line":37,"column":30},"end":{"line":42,"column":7}},"line":37}},"branchMap":{"0":{"loc":{"start":{"line":28,"column":2},"end":{"line":28,"column":18}},"type":"default-arg","locations":[{"start":{"line":28,"column":12},"end":{"line":28,"column":18}}],"line":28},"1":{"loc":{"start":{"line":41,"column":19},"end":{"line":41,"column":36}},"type":"cond-expr","locations":[{"start":{"line":41,"column":29},"end":{"line":41,"column":32}},{"start":{"line":41,"column":35},"end":{"line":41,"column":36}}],"line":41},"2":{"loc":{"start":{"line":47,"column":7},"end":{"line":57,"column":7}},"type":"cond-expr","locations":[{"start":{"line":48,"column":8},"end":{"line":52,"column":10}},{"start":{"line":53,"column":10},"end":{"line":57,"column":7}}],"line":47},"3":{"loc":{"start":{"line":53,"column":10},"end":{"line":57,"column":7}},"type":"cond-expr","locations":[{"start":{"line":54,"column":8},"end":{"line":54,"column":16}},{"start":{"line":56,"column":8},"end":{"line":56,"column":45}}],"line":53}},"s":{"0":1,"1":6,"2":6,"3":6,"4":1},"f":{"0":6,"1":6},"b":{"0":[6],"1":[0,6],"2":[1,5],"3":[1,4]},"_coverageSchema":"1a1c01bbd47fc00a2c39e90264f33305004495a9","hash":"270d636c619f8c9e1f113840d17b6244765b2a7b"}
,"/Users/witold/Projects/Interview-Kit/components/Button/utils.ts": {"path":"/Users/witold/Projects/Interview-Kit/components/Button/utils.ts","statementMap":{"0":{"start":{"line":3,"column":30},"end":{"line":39,"column":1}},"1":{"start":{"line":9,"column":2},"end":{"line":33,"column":3}},"2":{"start":{"line":11,"column":6},"end":{"line":13,"column":33}},"3":{"start":{"line":14,"column":6},"end":{"line":16,"column":37}},"4":{"start":{"line":17,"column":6},"end":{"line":17,"column":12}},"5":{"start":{"line":19,"column":6},"end":{"line":21,"column":32}},"6":{"start":{"line":22,"column":6},"end":{"line":24,"column":36}},"7":{"start":{"line":25,"column":6},"end":{"line":25,"column":12}},"8":{"start":{"line":28,"column":6},"end":{"line":28,"column":77}},"9":{"start":{"line":29,"column":6},"end":{"line":31,"column":32}},"10":{"start":{"line":32,"column":6},"end":{"line":32,"column":12}},"11":{"start":{"line":35,"column":2},"end":{"line":38,"column":4}},"12":{"start":{"line":41,"column":15},"end":{"line":100,"column":2}}},"fnMap":{"0":{"name":"(anonymous_0)","decl":{"start":{"line":3,"column":30},"end":{"line":3,"column":31}},"loc":{"start":{"line":6,"column":5},"end":{"line":39,"column":1}},"line":6}},"branchMap":{"0":{"loc":{"start":{"line":5,"column":2},"end":{"line":5,"column":18}},"type":"default-arg","locations":[{"start":{"line":5,"column":13},"end":{"line":5,"column":18}}],"line":5},"1":{"loc":{"start":{"line":9,"column":2},"end":{"line":33,"column":3}},"type":"switch","locations":[{"start":{"line":10,"column":4},"end":{"line":17,"column":12}},{"start":{"line":18,"column":4},"end":{"line":25,"column":12}},{"start":{"line":26,"column":4},"end":{"line":26,"column":16}},{"start":{"line":27,"column":4},"end":{"line":32,"column":12}}],"line":9},"2":{"loc":{"start":{"line":11,"column":20},"end":{"line":13,"column":32}},"type":"cond-expr","locations":[{"start":{"line":12,"column":10},"end":{"line":12,"column":40}},{"start":{"line":13,"column":10},"end":{"line":13,"column":32}}],"line":11},"3":{"loc":{"start":{"line":14,"column":18},"end":{"line":16,"column":36}},"type":"cond-expr","locations":[{"start":{"line":15,"column":10},"end":{"line":15,"column":44}},{"start":{"line":16,"column":10},"end":{"line":16,"column":36}}],"line":14},"4":{"loc":{"start":{"line":19,"column":20},"end":{"line":21,"column":31}},"type":"cond-expr","locations":[{"start":{"line":20,"column":10},"end":{"line":20,"column":39}},{"start":{"line":21,"column":10},"end":{"line":21,"column":31}}],"line":19},"5":{"loc":{"start":{"line":22,"column":18},"end":{"line":24,"column":35}},"type":"cond-expr","locations":[{"start":{"line":23,"column":10},"end":{"line":23,"column":43}},{"start":{"line":24,"column":10},"end":{"line":24,"column":35}}],"line":22},"6":{"loc":{"start":{"line":28,"column":20},"end":{"line":28,"column":76}},"type":"cond-expr","locations":[{"start":{"line":28,"column":31},"end":{"line":28,"column":56}},{"start":{"line":28,"column":59},"end":{"line":28,"column":76}}],"line":28},"7":{"loc":{"start":{"line":29,"column":18},"end":{"line":31,"column":31}},"type":"cond-expr","locations":[{"start":{"line":30,"column":10},"end":{"line":30,"column":39}},{"start":{"line":31,"column":10},"end":{"line":31,"column":31}}],"line":29}},"s":{"0":2,"1":10,"2":1,"3":1,"4":1,"5":1,"6":1,"7":1,"8":8,"9":8,"10":8,"11":10,"12":2},"f":{"0":10},"b":{"0":[8],"1":[1,1,8,8],"2":[0,1],"3":[0,1],"4":[0,1],"5":[0,1],"6":[2,6],"7":[2,6]},"_coverageSchema":"1a1c01bbd47fc00a2c39e90264f33305004495a9","hash":"95ed252f299a33a45cb377921972298fea320f79"}
}
