TN:
SF:App.tsx
FN:4,App
FNF:1
FNH:1
FNDA:2,App
DA:5,2
DA:12,1
DA:14,1
DA:15,0
DA:18,1
LF:5
LH:4
BRDA:14,0,0,0
BRDA:14,0,1,1
BRF:2
BRH:1
end_of_record
TN:
SF:components/Button/Button.tsx
FN:24,(anonymous_0)
FN:37,(anonymous_1)
FNF:2
FNH:2
FNDA:6,(anonymous_0)
FNDA:6,(anonymous_1)
DA:24,1
DA:33,6
DA:35,6
DA:37,6
DA:62,1
LF:5
LH:5
BRDA:28,0,0,6
BRDA:41,1,0,0
BRDA:41,1,1,6
BRDA:47,2,0,1
BRDA:47,2,1,5
BRDA:53,3,0,1
BRDA:53,3,1,4
BRF:7
BRH:6
end_of_record
TN:
SF:components/Button/utils.ts
FN:3,(anonymous_0)
FNF:1
FNH:1
FNDA:10,(anonymous_0)
DA:3,2
DA:9,10
DA:11,1
DA:14,1
DA:17,1
DA:19,1
DA:22,1
DA:25,1
DA:28,8
DA:29,8
DA:32,8
DA:35,10
DA:41,2
LF:13
LH:13
BRDA:5,0,0,8
BRDA:9,1,0,1
BRDA:9,1,1,1
BRDA:9,1,2,8
BRDA:9,1,3,8
BRDA:11,2,0,0
BRDA:11,2,1,1
BRDA:14,3,0,0
BRDA:14,3,1,1
BRDA:19,4,0,0
BRDA:19,4,1,1
BRDA:22,5,0,0
BRDA:22,5,1,1
BRDA:28,6,0,2
BRDA:28,6,1,6
BRDA:29,7,0,2
BRDA:29,7,1,6
BRF:17
BRH:13
end_of_record
